<?xml version="1.0" encoding="UTF-8" ?>
<testsuite tests="61" failures="0" name="TestSuite" time="149.949" errors="0" skipped="0">
  <properties>
    <property name="idea.version" value="2018.3.4"/>
    <property name="java.runtime.name" value="Java(TM) SE Runtime Environment"/>
    <property name="sun.boot.library.path" value="/Library/Java/JavaVirtualMachines/jdk1.8.0_202.jdk/Contents/Home/jre/lib"/>
    <property name="java.vm.version" value="25.202-b08"/>
    <property name="gopherProxySet" value="false"/>
    <property name="java.vm.vendor" value="Oracle Corporation"/>
    <property name="maven.multiModuleProjectDirectory" value="/Users/jenniferstephen/ComWebAutomationGroup7/Amazon"/>
    <property name="java.vendor.url" value="http://java.oracle.com/"/>
    <property name="path.separator" value=":"/>
    <property name="guice.disable.misplaced.annotation.check" value="true"/>
    <property name="java.vm.name" value="Java HotSpot(TM) 64-Bit Server VM"/>
    <property name="file.encoding.pkg" value="sun.io"/>
    <property name="user.country" value="US"/>
    <property name="sun.java.launcher" value="SUN_STANDARD"/>
    <property name="sun.os.patch.level" value="unknown"/>
    <property name="java.vm.specification.name" value="Java Virtual Machine Specification"/>
    <property name="user.dir" value="/Users/jenniferstephen/ComWebAutomationGroup7/Amazon"/>
    <property name="java.runtime.version" value="1.8.0_202-b08"/>
    <property name="java.awt.graphicsenv" value="sun.awt.CGraphicsEnvironment"/>
    <property name="java.endorsed.dirs" value="/Library/Java/JavaVirtualMachines/jdk1.8.0_202.jdk/Contents/Home/jre/lib/endorsed"/>
    <property name="os.arch" value="x86_64"/>
    <property name="java.io.tmpdir" value="/var/folders/tv/k44ynnrn7_db__2ytmglr01h0000gn/T/"/>
    <property name="line.separator" value="
"/>
    <property name="java.vm.specification.vendor" value="Oracle Corporation"/>
    <property name="os.name" value="Mac OS X"/>
    <property name="classworlds.conf" value="/Users/jenniferstephen/Documents/IntelliJ IDEA CE.app/Contents/plugins/maven/lib/maven3/bin/m2.conf"/>
    <property name="sun.jnu.encoding" value="UTF-8"/>
    <property name="java.library.path" value="/Users/jenniferstephen/Library/Java/Extensions:/Library/Java/Extensions:/Network/Library/Java/Extensions:/System/Library/Java/Extensions:/usr/lib/java:."/>
    <property name="java.specification.name" value="Java Platform API Specification"/>
    <property name="java.class.version" value="52.0"/>
    <property name="sun.management.compiler" value="HotSpot 64-Bit Tiered Compilers"/>
    <property name="os.version" value="10.14.3"/>
    <property name="http.nonProxyHosts" value="local|*.local|169.254/16|*.169.254/16"/>
    <property name="user.home" value="/Users/jenniferstephen"/>
    <property name="user.timezone" value="America/New_York"/>
    <property name="java.awt.printerjob" value="sun.lwawt.macosx.CPrinterJob"/>
    <property name="java.specification.version" value="1.8"/>
    <property name="file.encoding" value="UTF-8"/>
    <property name="user.name" value="jenniferstephen"/>
    <property name="java.class.path" value="/Users/jenniferstephen/Documents/IntelliJ IDEA CE.app/Contents/plugins/maven/lib/maven3/boot/plexus-classworlds-2.5.2.jar:/Users/jenniferstephen/Documents/IntelliJ IDEA CE.app/Contents/lib/idea_rt.jar"/>
    <property name="java.vm.specification.version" value="1.8"/>
    <property name="sun.arch.data.model" value="64"/>
    <property name="java.home" value="/Library/Java/JavaVirtualMachines/jdk1.8.0_202.jdk/Contents/Home/jre"/>
    <property name="sun.java.command" value="org.codehaus.classworlds.Launcher -Didea.version=2018.3.4 install"/>
    <property name="java.specification.vendor" value="Oracle Corporation"/>
    <property name="user.language" value="en"/>
    <property name="awt.toolkit" value="sun.lwawt.macosx.LWCToolkit"/>
    <property name="java.vm.info" value="mixed mode"/>
    <property name="java.version" value="1.8.0_202"/>
    <property name="java.ext.dirs" value="/Users/jenniferstephen/Library/Java/Extensions:/Library/Java/JavaVirtualMachines/jdk1.8.0_202.jdk/Contents/Home/jre/lib/ext:/Library/Java/Extensions:/Network/Library/Java/Extensions:/System/Library/Java/Extensions:/usr/lib/java"/>
    <property name="sun.boot.class.path" value="/Library/Java/JavaVirtualMachines/jdk1.8.0_202.jdk/Contents/Home/jre/lib/resources.jar:/Library/Java/JavaVirtualMachines/jdk1.8.0_202.jdk/Contents/Home/jre/lib/rt.jar:/Library/Java/JavaVirtualMachines/jdk1.8.0_202.jdk/Contents/Home/jre/lib/sunrsasign.jar:/Library/Java/JavaVirtualMachines/jdk1.8.0_202.jdk/Contents/Home/jre/lib/jsse.jar:/Library/Java/JavaVirtualMachines/jdk1.8.0_202.jdk/Contents/Home/jre/lib/jce.jar:/Library/Java/JavaVirtualMachines/jdk1.8.0_202.jdk/Contents/Home/jre/lib/charsets.jar:/Library/Java/JavaVirtualMachines/jdk1.8.0_202.jdk/Contents/Home/jre/lib/jfr.jar:/Library/Java/JavaVirtualMachines/jdk1.8.0_202.jdk/Contents/Home/jre/classes"/>
    <property name="java.vendor" value="Oracle Corporation"/>
    <property name="maven.home" value="/Users/jenniferstephen/Documents/IntelliJ IDEA CE.app/Contents/plugins/maven/lib/maven3"/>
    <property name="file.separator" value="/"/>
    <property name="java.vendor.url.bug" value="http://bugreport.sun.com/bugreport/"/>
    <property name="sun.cpu.endian" value="little"/>
    <property name="sun.io.unicode.encoding" value="UnicodeBig"/>
    <property name="socksNonProxyHosts" value="local|*.local|169.254/16|*.169.254/16"/>
    <property name="ftp.nonProxyHosts" value="local|*.local|169.254/16|*.169.254/16"/>
    <property name="sun.cpu.isalist" value=""/>
  </properties>
  <testcase classname="TestHomePage.TestAmazonHomePageSignin" name="setOpenPageLogin" time="2.69"/>
  <testcase classname="TestHomePage.TestAmazonHomePageSignin" name="setopenlogin" time="0.465"/>
  <testcase classname="TestHomePage.TestAmazonCategories" name="getBabyFashion" time="3.595"/>
  <testcase classname="TestHomePage.TestAmazonCategories" name="getBusinessServices" time="2.703"/>
  <testcase classname="TestHomePage.TestAmazonCategories" name="getClothingShoes" time="2.318"/>
  <testcase classname="TestHomePage.TestAmazonCategories" name="getComputers" time="2.968"/>
  <testcase classname="TestHomePage.TestAmazonCategories" name="getCourses" time="3.266"/>
  <testcase classname="TestHomePage.TestAmazonCategories" name="getCredit" time="1.889"/>
  <testcase classname="TestHomePage.TestAmazonCategories" name="getDigitalMusic" time="1.734"/>
  <testcase classname="TestHomePage.TestAmazonCategories" name="getElectronics" time="2.826"/>
  <testcase classname="TestHomePage.TestAmazonCategories" name="getGarden" time="2.596"/>
  <testcase classname="TestHomePage.TestAmazonCategories" name="getGiftCard" time="2.031"/>
  <testcase classname="TestHomePage.TestAmazonCategories" name="getGrocery" time="3.094"/>
  <testcase classname="TestHomePage.TestAmazonCategories" name="getHandmade" time="2.037"/>
  <testcase classname="TestHomePage.TestAmazonCategories" name="getHealth" time="2.332"/>
  <testcase classname="TestHomePage.TestAmazonCategories" name="getHomeAndKitchen" time="2.428"/>
  <testcase classname="TestHomePage.TestAmazonCategories" name="getHouseholdandCare" time="2.496"/>
  <testcase classname="TestHomePage.TestAmazonCategories" name="getIndustrialAndScientific" time="2.322"/>
  <testcase classname="TestHomePage.TestAmazonCategories" name="getKindle" time="3.81"/>
  <testcase classname="TestHomePage.TestAmazonCategories" name="getKindleStore" time="2.864"/>
  <testcase classname="TestHomePage.TestAmazonCategories" name="getLuggageAndTravel" time="2.864"/>
  <testcase classname="TestHomePage.TestAmazonCategories" name="getLuxuryBeauty" time="1.546"/>
  <testcase classname="TestHomePage.TestAmazonCategories" name="getMagazineSubscriptions" time="1.981"/>
  <testcase classname="TestHomePage.TestAmazonCategories" name="getMovies" time="2.999"/>
  <testcase classname="TestHomePage.TestAmazonCategories" name="getMoviesAndTv" time="2.19"/>
  <testcase classname="TestHomePage.TestAmazonCategories" name="getMusicalInstruments" time="3.593"/>
  <testcase classname="TestHomePage.TestAmazonCategories" name="getOfficeProducts" time="2.726"/>
  <testcase classname="TestHomePage.TestAmazonCategories" name="getPetSupplies" time="3.12"/>
  <testcase classname="TestHomePage.TestAmazonCategories" name="getPrimeExclusiveSavings" time="2.765"/>
  <testcase classname="TestHomePage.TestAmazonCategories" name="getPrimePantry" time="2.235"/>
  <testcase classname="TestHomePage.TestAmazonCategories" name="getPrimeVideo" time="2.435"/>
  <testcase classname="TestHomePage.TestAmazonCategories" name="getSoftware" time="4.023"/>
  <testcase classname="TestHomePage.TestAmazonCategories" name="getSportsAndOutdoors" time="2.575"/>
  <testcase classname="TestHomePage.TestAmazonCategories" name="getToolsHomeImprovements" time="2.916"/>
  <testcase classname="TestHomePage.TestAmazonCategories" name="getToysAndGames" time="3.866"/>
  <testcase classname="TestHomePage.TestAmazonCategories" name="getVehicles" time="2.105"/>
  <testcase classname="TestHomePage.TestAmazonCategories" name="getVideoGames" time="2.924"/>
  <testcase classname="TestHomePage.TestAmazonCategories" name="getWarehouseDeals" time="1.649"/>
  <testcase classname="TestHomePage.TestAmazonCategories" name="getfineart" time="1.969"/>
  <testcase classname="TestHomePage.TestAmazonCategories" name="getitemsofBoys" time="4.027"/>
  <testcase classname="TestHomePage.TestAmazonCategories" name="getitemsofGirls" time="2.808"/>
  <testcase classname="TestHomePage.TestAmazonCategories" name="getitemsofMen" time="0.131"/>
  <testcase classname="TestHomePage.TestAmazonCategories" name="getitemsofWomen" time="2.895"/>
  <testcase classname="TestHomePage.TestAmazonMain" name="getArtsAutomotive" time="2.79"/>
  <testcase classname="TestHomePage.TestAmazonMain" name="getAutomotiveParts" time="2.552"/>
  <testcase classname="TestHomePage.TestAmazonMain" name="getBeautyPersonal" time="3.878"/>
  <testcase classname="TestHomePage.TestAmazonMain" name="getBooks" time="2.501"/>
  <testcase classname="TestHomePage.TestAmazonMain" name="getCD" time="2.403"/>
  <testcase classname="TestHomePage.TestAmazonMain" name="getClicktryPrime" time="1.174"/>
  <testcase classname="TestHomePage.TestAmazonMain" name="getDeliverto" time="0.191"/>
  <testcase classname="TestHomePage.TestAmazonMain" name="getSearchbar" time="0.161"/>
  <testcase classname="TestHomePage.TestAmazonMain" name="getSearchitem" time="2.546"/>
  <testcase classname="TestHomePage.TestAmazonMain" name="getSearchitems" time="0.195"/>
  <testcase classname="TestHomePage.TestAmazonMain" name="getamazonFresh" time="2.969"/>
  <testcase classname="TestHomePage.TestAmazonMain" name="getcategorieBaby" time="2.825"/>
  <testcase classname="TestHomePage.TestAmazonMain" name="getcategoryAlexa" time="4.387"/>
  <testcase classname="TestHomePage.TestAmazonMain" name="getcategoryAppliances" time="2.441"/>
  <testcase classname="TestHomePage.TestAmazonMain" name="getcategoryArtCrafts" time="3.802"/>
  <testcase classname="TestHomePage.TestAmazonMain" name="getcategoryGames" time="2.722"/>
  <testcase classname="TestHomePage.TestAmazonMain" name="getselectgridSelectPrime" time="1.097"/>
  <testcase classname="TestHomePage.TestAmazonMain" name="getshowAlexaSkills" time="0.509"/>
</testsuite>