<?xml version="1.0" encoding="UTF-8"?>
<!-- Generated by org.testng.reporters.JUnitReportReporter -->
<testsuite skipped="0" hostname="MacBook-Pro.fios-router.home" name="TestHomePage.TestAmazonMain" tests="18" failures="0" timestamp="26 Mar 2019 19:56:14 GMT" time="99.963" errors="0">
  <testcase name="getshowAlexaSkills" time="4.448" classname="TestHomePage.TestAmazonMain"/>
  <testcase name="getSearchitems" time="3.251" classname="TestHomePage.TestAmazonMain"/>
  <testcase name="getselectgridSelectPrime" time="4.199" classname="TestHomePage.TestAmazonMain"/>
  <testcase name="getcategoryArtCrafts" time="7.490" classname="TestHomePage.TestAmazonMain"/>
  <testcase name="getDeliverto" time="4.613" classname="TestHomePage.TestAmazonMain"/>
  <testcase name="getamazonFresh" time="6.225" classname="TestHomePage.TestAmazonMain"/>
  <testcase name="getcategoryAppliances" time="5.776" classname="TestHomePage.TestAmazonMain"/>
  <testcase name="getcategorieBaby" time="6.718" classname="TestHomePage.TestAmazonMain"/>
  <testcase name="getcategoryAlexa" time="6.384" classname="TestHomePage.TestAmazonMain"/>
  <testcase name="getBooks" time="5.411" classname="TestHomePage.TestAmazonMain"/>
  <testcase name="getArtsAutomotive" time="5.497" classname="TestHomePage.TestAmazonMain"/>
  <testcase name="getcategoryGames" time="6.458" classname="TestHomePage.TestAmazonMain"/>
  <testcase name="getCD" time="5.857" classname="TestHomePage.TestAmazonMain"/>
  <testcase name="getClicktryPrime" time="4.719" classname="TestHomePage.TestAmazonMain"/>
  <testcase name="getAutomotiveParts" time="6.378" classname="TestHomePage.TestAmazonMain"/>
  <testcase name="getSearchitem" time="6.151" classname="TestHomePage.TestAmazonMain"/>
  <testcase name="getBeautyPersonal" time="6.686" classname="TestHomePage.TestAmazonMain"/>
  <testcase name="getSearchbar" time="3.702" classname="TestHomePage.TestAmazonMain"/>
</testsuite> <!-- TestHomePage.TestAmazonMain -->
