<?xml version="1.0" encoding="UTF-8"?>
<!-- Generated by org.testng.reporters.JUnitReportReporter -->
<testsuite skipped="0" hostname="MacBook-Pro.fios-router.home" name="TestHomePage.TestAmazonHomePageSignin" tests="2" failures="0" timestamp="26 Mar 2019 22:12:00 GMT" time="13.788" errors="0">
  <testcase name="setOpenPageLogin" time="7.967" classname="TestHomePage.TestAmazonHomePageSignin"/>
  <testcase name="setopenlogin" time="5.821" classname="TestHomePage.TestAmazonHomePageSignin"/>
</testsuite> <!-- TestHomePage.TestAmazonHomePageSignin -->
