<?xml version="1.0" encoding="UTF-8"?>
<!-- Generated by org.testng.reporters.JUnitReportReporter -->
<testsuite skipped="0" hostname="MacBook-Pro.fios-router.home" name="TestHomePage.TestAmazonHomePageSignin" tests="2" failures="0" timestamp="26 Mar 2019 20:24:54 GMT" time="12.206" errors="0">
  <testcase name="setOpenPageLogin" time="8.182" classname="TestHomePage.TestAmazonHomePageSignin"/>
  <testcase name="setopenlogin" time="4.024" classname="TestHomePage.TestAmazonHomePageSignin"/>
</testsuite> <!-- TestHomePage.TestAmazonHomePageSignin -->
