<?xml version="1.0" encoding="UTF-8"?>
<!-- Generated by org.testng.reporters.JUnitReportReporter -->
<testsuite skipped="0" hostname="MacBook-Pro.fios-router.home" name="TestHomePage.TestAmazonCategories" tests="41" failures="0" timestamp="26 Mar 2019 22:12:00 GMT" time="347.169" errors="0">
  <testcase name="getGiftCard" time="8.549" classname="TestHomePage.TestAmazonCategories"/>
  <testcase name="getCredit" time="8.901" classname="TestHomePage.TestAmazonCategories"/>
  <testcase name="getHandmade" time="7.892" classname="TestHomePage.TestAmazonCategories"/>
  <testcase name="getVideoGames" time="8.722" classname="TestHomePage.TestAmazonCategories"/>
  <testcase name="getLuxuryBeauty" time="10.159" classname="TestHomePage.TestAmazonCategories"/>
  <testcase name="getSoftware" time="9.491" classname="TestHomePage.TestAmazonCategories"/>
  <testcase name="getElectronics" time="7.871" classname="TestHomePage.TestAmazonCategories"/>
  <testcase name="getKindle" time="9.412" classname="TestHomePage.TestAmazonCategories"/>
  <testcase name="getToysAndGames" time="9.290" classname="TestHomePage.TestAmazonCategories"/>
  <testcase name="getWarehouseDeals" time="6.900" classname="TestHomePage.TestAmazonCategories"/>
  <testcase name="getMagazineSubscriptions" time="7.026" classname="TestHomePage.TestAmazonCategories"/>
  <testcase name="getHouseholdandCare" time="9.195" classname="TestHomePage.TestAmazonCategories"/>
  <testcase name="getitemsofBoys" time="9.289" classname="TestHomePage.TestAmazonCategories"/>
  <testcase name="getBusinessServices" time="8.123" classname="TestHomePage.TestAmazonCategories"/>
  <testcase name="getHomeAndKitchen" time="7.824" classname="TestHomePage.TestAmazonCategories"/>
  <testcase name="getToolsHomeImprovements" time="7.697" classname="TestHomePage.TestAmazonCategories"/>
  <testcase name="getfineart" time="8.313" classname="TestHomePage.TestAmazonCategories"/>
  <testcase name="getMoviesAndTv" time="7.704" classname="TestHomePage.TestAmazonCategories"/>
  <testcase name="getMusicalInstruments" time="8.633" classname="TestHomePage.TestAmazonCategories"/>
  <testcase name="getitemsofGirls" time="7.766" classname="TestHomePage.TestAmazonCategories"/>
  <testcase name="getVehicles" time="7.496" classname="TestHomePage.TestAmazonCategories"/>
  <testcase name="getMovies" time="10.142" classname="TestHomePage.TestAmazonCategories"/>
  <testcase name="getBabyFashion" time="9.189" classname="TestHomePage.TestAmazonCategories"/>
  <testcase name="getHealth" time="8.687" classname="TestHomePage.TestAmazonCategories"/>
  <testcase name="getCourses" time="8.753" classname="TestHomePage.TestAmazonCategories"/>
  <testcase name="getDigitalMusic" time="7.250" classname="TestHomePage.TestAmazonCategories"/>
  <testcase name="getGrocery" time="7.638" classname="TestHomePage.TestAmazonCategories"/>
  <testcase name="getPrimeVideo" time="8.305" classname="TestHomePage.TestAmazonCategories"/>
  <testcase name="getPrimeExclusiveSavings" time="9.235" classname="TestHomePage.TestAmazonCategories"/>
  <testcase name="getitemsofMen" time="5.742" classname="TestHomePage.TestAmazonCategories"/>
  <testcase name="getPrimePantry" time="8.261" classname="TestHomePage.TestAmazonCategories"/>
  <testcase name="getKindleStore" time="9.227" classname="TestHomePage.TestAmazonCategories"/>
  <testcase name="getLuggageAndTravel" time="8.620" classname="TestHomePage.TestAmazonCategories"/>
  <testcase name="getGarden" time="8.925" classname="TestHomePage.TestAmazonCategories"/>
  <testcase name="getOfficeProducts" time="8.224" classname="TestHomePage.TestAmazonCategories"/>
  <testcase name="getitemsofWomen" time="8.792" classname="TestHomePage.TestAmazonCategories"/>
  <testcase name="getSportsAndOutdoors" time="8.481" classname="TestHomePage.TestAmazonCategories"/>
  <testcase name="getIndustrialAndScientific" time="7.741" classname="TestHomePage.TestAmazonCategories"/>
  <testcase name="getClothingShoes" time="8.452" classname="TestHomePage.TestAmazonCategories"/>
  <testcase name="getPetSupplies" time="8.567" classname="TestHomePage.TestAmazonCategories"/>
  <testcase name="getComputers" time="10.685" classname="TestHomePage.TestAmazonCategories"/>
</testsuite> <!-- TestHomePage.TestAmazonCategories -->
