<?xml version="1.0" encoding="UTF-8"?>
<!-- Generated by org.testng.reporters.JUnitReportReporter -->
<testsuite skipped="0" hostname="MacBook-Pro.fios-router.home" name="testHomePage.TestAmazonHomePageSignin" tests="11" failures="0" timestamp="01 Apr 2019 20:02:15 GMT" time="52.607" errors="0">
  <testcase name="ReEnterPassword" time="4.279" classname="testHomePage.TestAmazonHomePageSignin"/>
  <testcase name="Signout" time="4.818" classname="testHomePage.TestAmazonHomePageSignin"/>
  <testcase name="EmailVerification" time="4.590" classname="testHomePage.TestAmazonHomePageSignin"/>
  <testcase name="setopenlogin" time="3.705" classname="testHomePage.TestAmazonHomePageSignin"/>
  <testcase name="setOpenPageLogin" time="5.658" classname="testHomePage.TestAmazonHomePageSignin"/>
  <testcase name="Name" time="4.552" classname="testHomePage.TestAmazonHomePageSignin"/>
  <testcase name="Account" time="4.380" classname="testHomePage.TestAmazonHomePageSignin"/>
  <testcase name="CreateAccount" time="4.219" classname="testHomePage.TestAmazonHomePageSignin"/>
  <testcase name="HoveroverSignin" time="7.077" classname="testHomePage.TestAmazonHomePageSignin"/>
  <testcase name="email" time="4.954" classname="testHomePage.TestAmazonHomePageSignin"/>
  <testcase name="AmazonPassword" time="4.375" classname="testHomePage.TestAmazonHomePageSignin"/>
</testsuite> <!-- testHomePage.TestAmazonHomePageSignin -->
