<?xml version="1.0" encoding="UTF-8"?>
<!-- Generated by org.testng.reporters.JUnitReportReporter -->
<testsuite skipped="0" hostname="MacBook-Pro.fios-router.home" name="testHomePage.TestAmazonMain" tests="52" failures="0" timestamp="01 Apr 2019 20:02:15 GMT" time="307.796" errors="0">
  <testcase name="getabeBooks" time="5.910" classname="testHomePage.TestAmazonMain"/>
  <testcase name="getSearchitem" time="5.424" classname="testHomePage.TestAmazonMain"/>
  <testcase name="getcategoryAppliances" time="5.662" classname="testHomePage.TestAmazonMain"/>
  <testcase name="Sell" time="5.533" classname="testHomePage.TestAmazonMain"/>
  <testcase name="getAutomotiveParts" time="5.631" classname="testHomePage.TestAmazonMain"/>
  <testcase name="DealsToday" time="5.721" classname="testHomePage.TestAmazonMain"/>
  <testcase name="getDeliverto" time="6.467" classname="testHomePage.TestAmazonMain"/>
  <testcase name="getcomixology" time="5.472" classname="testHomePage.TestAmazonMain"/>
  <testcase name="setWholeFoods" time="4.214" classname="testHomePage.TestAmazonMain"/>
  <testcase name="Navigation" time="11.318" classname="testHomePage.TestAmazonMain"/>
  <testcase name="SupportArtisans" time="4.633" classname="testHomePage.TestAmazonMain"/>
  <testcase name="Giftcards" time="5.594" classname="testHomePage.TestAmazonMain"/>
  <testcase name="Youramazon" time="4.085" classname="testHomePage.TestAmazonMain"/>
  <testcase name="Karmalit" time="5.681" classname="testHomePage.TestAmazonMain"/>
  <testcase name="getamazonFresh" time="6.241" classname="testHomePage.TestAmazonMain"/>
  <testcase name="getcategoryGames" time="6.642" classname="testHomePage.TestAmazonMain"/>
  <testcase name="getShopByCategory" time="9.742" classname="testHomePage.TestAmazonMain"/>
  <testcase name="Screenshots" time="5.537" classname="testHomePage.TestAmazonMain"/>
  <testcase name="getcategorieBaby" time="6.777" classname="testHomePage.TestAmazonMain"/>
  <testcase name="setCredit" time="4.788" classname="testHomePage.TestAmazonMain"/>
  <testcase name="getshowAlexaSkills" time="3.238" classname="testHomePage.TestAmazonMain"/>
  <testcase name="HoverOverList" time="6.144" classname="testHomePage.TestAmazonMain"/>
  <testcase name="setboxofficemojo" time="4.667" classname="testHomePage.TestAmazonMain"/>
  <testcase name="getamazonInspire" time="5.167" classname="testHomePage.TestAmazonMain"/>
  <testcase name="getClicktryPrime" time="4.662" classname="testHomePage.TestAmazonMain"/>
  <testcase name="getArtsAutomotive" time="5.963" classname="testHomePage.TestAmazonMain"/>
  <testcase name="getSearchitems" time="4.150" classname="testHomePage.TestAmazonMain"/>
  <testcase name="getHelp" time="4.800" classname="testHomePage.TestAmazonMain"/>
  <testcase name="getselectgridSelectPrime" time="5.536" classname="testHomePage.TestAmazonMain"/>
  <testcase name="getclick" time="6.509" classname="testHomePage.TestAmazonMain"/>
  <testcase name="Browsergettitle" time="4.085" classname="testHomePage.TestAmazonMain"/>
  <testcase name="getbookDepository" time="5.310" classname="testHomePage.TestAmazonMain"/>
  <testcase name="setKindle" time="6.458" classname="testHomePage.TestAmazonMain"/>
  <testcase name="getBooks" time="5.998" classname="testHomePage.TestAmazonMain"/>
  <testcase name="Sixpmdeals" time="5.985" classname="testHomePage.TestAmazonMain"/>
  <testcase name="getCD" time="5.670" classname="testHomePage.TestAmazonMain"/>
  <testcase name="getamazonRapids" time="5.205" classname="testHomePage.TestAmazonMain"/>
  <testcase name="sethoveroverprimevideo" time="9.356" classname="testHomePage.TestAmazonMain"/>
  <testcase name="getSearchbar" time="3.981" classname="testHomePage.TestAmazonMain"/>
  <testcase name="setWarehouseDeals" time="5.458" classname="testHomePage.TestAmazonMain"/>
  <testcase name="WholeFoods" time="4.401" classname="testHomePage.TestAmazonMain"/>
  <testcase name="getamazonRestaurants" time="5.160" classname="testHomePage.TestAmazonMain"/>
  <testcase name="getamazonGlobal" time="4.012" classname="testHomePage.TestAmazonMain"/>
  <testcase name="getBeautyPersonal" time="7.726" classname="testHomePage.TestAmazonMain"/>
  <testcase name="getcategoryAlexa" time="6.600" classname="testHomePage.TestAmazonMain"/>
  <testcase name="VideoSearch" time="8.373" classname="testHomePage.TestAmazonMain"/>
  <testcase name="GoTocart" time="10.566" classname="testHomePage.TestAmazonMain"/>
  <testcase name="getcategoryArtCrafts" time="6.384" classname="testHomePage.TestAmazonMain"/>
  <testcase name="getsetAcx" time="4.459" classname="testHomePage.TestAmazonMain"/>
  <testcase name="getAmazonDrive" time="4.725" classname="testHomePage.TestAmazonMain"/>
  <testcase name="gethomeService" time="5.216" classname="testHomePage.TestAmazonMain"/>
  <testcase name="ContinueToCart" time="10.760" classname="testHomePage.TestAmazonMain"/>
</testsuite> <!-- testHomePage.TestAmazonMain -->
