<?xml version="1.0" encoding="UTF-8"?>
<!-- Generated by org.testng.reporters.JUnitReportReporter -->
<testsuite skipped="0" hostname="MacBook-Pro.fios-router.home" name="TestHomePage.TestAmazonMain" tests="18" failures="0" timestamp="26 Mar 2019 20:24:54 GMT" time="109.494" errors="0">
  <testcase name="getcategorieBaby" time="6.824" classname="TestHomePage.TestAmazonMain"/>
  <testcase name="getAutomotiveParts" time="5.601" classname="TestHomePage.TestAmazonMain"/>
  <testcase name="getArtsAutomotive" time="7.484" classname="TestHomePage.TestAmazonMain"/>
  <testcase name="getDeliverto" time="3.967" classname="TestHomePage.TestAmazonMain"/>
  <testcase name="getamazonFresh" time="7.110" classname="TestHomePage.TestAmazonMain"/>
  <testcase name="getCD" time="7.035" classname="TestHomePage.TestAmazonMain"/>
  <testcase name="getBeautyPersonal" time="8.192" classname="TestHomePage.TestAmazonMain"/>
  <testcase name="getshowAlexaSkills" time="4.147" classname="TestHomePage.TestAmazonMain"/>
  <testcase name="getSearchbar" time="3.688" classname="TestHomePage.TestAmazonMain"/>
  <testcase name="getselectgridSelectPrime" time="6.134" classname="TestHomePage.TestAmazonMain"/>
  <testcase name="getSearchitem" time="4.969" classname="TestHomePage.TestAmazonMain"/>
  <testcase name="getcategoryGames" time="6.521" classname="TestHomePage.TestAmazonMain"/>
  <testcase name="getSearchitems" time="4.999" classname="TestHomePage.TestAmazonMain"/>
  <testcase name="getClicktryPrime" time="5.287" classname="TestHomePage.TestAmazonMain"/>
  <testcase name="getcategoryAppliances" time="5.507" classname="TestHomePage.TestAmazonMain"/>
  <testcase name="getcategoryAlexa" time="7.346" classname="TestHomePage.TestAmazonMain"/>
  <testcase name="getBooks" time="7.076" classname="TestHomePage.TestAmazonMain"/>
  <testcase name="getcategoryArtCrafts" time="7.607" classname="TestHomePage.TestAmazonMain"/>
</testsuite> <!-- TestHomePage.TestAmazonMain -->
