<?xml version="1.0" encoding="UTF-8"?>
<!-- Generated by org.testng.reporters.JUnitReportReporter -->
<testsuite skipped="0" hostname="MacBook-Pro.fios-router.home" name="TestHomePage.TestAmazonHomePageSignin" tests="2" failures="0" timestamp="26 Mar 2019 19:56:14 GMT" time="12.015" errors="0">
  <testcase name="setopenlogin" time="4.172" classname="TestHomePage.TestAmazonHomePageSignin"/>
  <testcase name="setOpenPageLogin" time="7.843" classname="TestHomePage.TestAmazonHomePageSignin"/>
</testsuite> <!-- TestHomePage.TestAmazonHomePageSignin -->
