<?xml version="1.0" encoding="UTF-8"?>
<!-- Generated by org.testng.reporters.JUnitReportReporter -->
<testsuite skipped="0" hostname="MacBook-Pro.fios-router.home" name="TestHomePage.TestAmazonCategories" tests="19" failures="0" timestamp="26 Mar 2019 20:24:54 GMT" time="138.569" errors="0">
  <testcase name="getGrocery" time="6.640" classname="TestHomePage.TestAmazonCategories"/>
  <testcase name="getDigitalMusic" time="6.625" classname="TestHomePage.TestAmazonCategories"/>
  <testcase name="getKindle" time="7.660" classname="TestHomePage.TestAmazonCategories"/>
  <testcase name="getBabyFashion" time="7.273" classname="TestHomePage.TestAmazonCategories"/>
  <testcase name="getMovies" time="7.171" classname="TestHomePage.TestAmazonCategories"/>
  <testcase name="getCredit" time="6.602" classname="TestHomePage.TestAmazonCategories"/>
  <testcase name="getElectronics" time="8.040" classname="TestHomePage.TestAmazonCategories"/>
  <testcase name="getitemsofGirls" time="10.640" classname="TestHomePage.TestAmazonCategories"/>
  <testcase name="getGarden" time="6.422" classname="TestHomePage.TestAmazonCategories"/>
  <testcase name="getHealth" time="7.092" classname="TestHomePage.TestAmazonCategories"/>
  <testcase name="getitemsofWomen" time="7.781" classname="TestHomePage.TestAmazonCategories"/>
  <testcase name="getfineart" time="8.529" classname="TestHomePage.TestAmazonCategories"/>
  <testcase name="getClothingShoes" time="6.447" classname="TestHomePage.TestAmazonCategories"/>
  <testcase name="getWarehouseDeals" time="6.105" classname="TestHomePage.TestAmazonCategories"/>
  <testcase name="getitemsofMen" time="4.551" classname="TestHomePage.TestAmazonCategories"/>
  <testcase name="getGiftCard" time="6.155" classname="TestHomePage.TestAmazonCategories"/>
  <testcase name="getitemsofBoys" time="8.444" classname="TestHomePage.TestAmazonCategories"/>
  <testcase name="getComputers" time="8.719" classname="TestHomePage.TestAmazonCategories"/>
  <testcase name="getCourses" time="7.673" classname="TestHomePage.TestAmazonCategories"/>
</testsuite> <!-- TestHomePage.TestAmazonCategories -->
