<?xml version="1.0" encoding="UTF-8"?>
<!-- Generated by org.testng.reporters.JUnitReportReporter -->
<testsuite skipped="0" hostname="MacBook-Pro.fios-router.home" name="TestHomePage.TestAmazonMain" tests="18" failures="0" timestamp="26 Mar 2019 22:12:00 GMT" time="150.600" errors="0">
  <testcase name="getcategoryArtCrafts" time="9.408" classname="TestHomePage.TestAmazonMain"/>
  <testcase name="getSearchitems" time="6.659" classname="TestHomePage.TestAmazonMain"/>
  <testcase name="getcategorieBaby" time="9.717" classname="TestHomePage.TestAmazonMain"/>
  <testcase name="getAutomotiveParts" time="8.053" classname="TestHomePage.TestAmazonMain"/>
  <testcase name="getselectgridSelectPrime" time="8.042" classname="TestHomePage.TestAmazonMain"/>
  <testcase name="getshowAlexaSkills" time="6.710" classname="TestHomePage.TestAmazonMain"/>
  <testcase name="getCD" time="8.032" classname="TestHomePage.TestAmazonMain"/>
  <testcase name="getcategoryGames" time="9.152" classname="TestHomePage.TestAmazonMain"/>
  <testcase name="getamazonFresh" time="9.118" classname="TestHomePage.TestAmazonMain"/>
  <testcase name="getBooks" time="8.355" classname="TestHomePage.TestAmazonMain"/>
  <testcase name="getBeautyPersonal" time="9.721" classname="TestHomePage.TestAmazonMain"/>
  <testcase name="getDeliverto" time="6.400" classname="TestHomePage.TestAmazonMain"/>
  <testcase name="getSearchitem" time="9.670" classname="TestHomePage.TestAmazonMain"/>
  <testcase name="getClicktryPrime" time="7.171" classname="TestHomePage.TestAmazonMain"/>
  <testcase name="getSearchbar" time="6.577" classname="TestHomePage.TestAmazonMain"/>
  <testcase name="getArtsAutomotive" time="8.602" classname="TestHomePage.TestAmazonMain"/>
  <testcase name="getcategoryAlexa" time="9.804" classname="TestHomePage.TestAmazonMain"/>
  <testcase name="getcategoryAppliances" time="9.409" classname="TestHomePage.TestAmazonMain"/>
</testsuite> <!-- TestHomePage.TestAmazonMain -->
