<?xml version="1.0" encoding="UTF-8"?>
<!-- Generated by org.testng.reporters.JUnitReportReporter -->
<testsuite skipped="0" hostname="MacBook-Pro.fios-router.home" name="testHomePage.TestAmazonCategories" tests="45" failures="0" timestamp="01 Apr 2019 20:02:15 GMT" time="275.232" errors="0">
  <testcase name="getBusinessServices" time="5.811" classname="testHomePage.TestAmazonCategories"/>
  <testcase name="getGiftCard" time="5.736" classname="testHomePage.TestAmazonCategories"/>
  <testcase name="getVideoGames" time="6.327" classname="testHomePage.TestAmazonCategories"/>
  <testcase name="getCourses" time="4.950" classname="testHomePage.TestAmazonCategories"/>
  <testcase name="getToysAndGames" time="6.593" classname="testHomePage.TestAmazonCategories"/>
  <testcase name="getitemsofBoys" time="6.849" classname="testHomePage.TestAmazonCategories"/>
  <testcase name="getArtsAutomotive" time="6.313" classname="testHomePage.TestAmazonCategories"/>
  <testcase name="getOfficeProducts" time="6.296" classname="testHomePage.TestAmazonCategories"/>
  <testcase name="getMoviesAndTv" time="5.845" classname="testHomePage.TestAmazonCategories"/>
  <testcase name="getfineart" time="7.954" classname="testHomePage.TestAmazonCategories"/>
  <testcase name="getGrocery" time="6.138" classname="testHomePage.TestAmazonCategories"/>
  <testcase name="getBeautyPersonal" time="6.007" classname="testHomePage.TestAmazonCategories"/>
  <testcase name="getVehicles" time="6.081" classname="testHomePage.TestAmazonCategories"/>
  <testcase name="getMagazineSubscriptions" time="5.395" classname="testHomePage.TestAmazonCategories"/>
  <testcase name="getHealth" time="5.662" classname="testHomePage.TestAmazonCategories"/>
  <testcase name="getPetSupplies" time="5.696" classname="testHomePage.TestAmazonCategories"/>
  <testcase name="getHomeAndKitchen" time="6.554" classname="testHomePage.TestAmazonCategories"/>
  <testcase name="getIndustrialAndScientific" time="5.323" classname="testHomePage.TestAmazonCategories"/>
  <testcase name="getDigitalMusic" time="7.429" classname="testHomePage.TestAmazonCategories"/>
  <testcase name="getGarden" time="7.668" classname="testHomePage.TestAmazonCategories"/>
  <testcase name="getMovies" time="6.001" classname="testHomePage.TestAmazonCategories"/>
  <testcase name="getKindleStore" time="6.701" classname="testHomePage.TestAmazonCategories"/>
  <testcase name="getMusicalInstruments" time="6.748" classname="testHomePage.TestAmazonCategories"/>
  <testcase name="getPrimeExclusiveSavings" time="5.917" classname="testHomePage.TestAmazonCategories"/>
  <testcase name="getKindle" time="6.190" classname="testHomePage.TestAmazonCategories"/>
  <testcase name="getCategories" time="3.866" classname="testHomePage.TestAmazonCategories"/>
  <testcase name="getHandmade" time="5.890" classname="testHomePage.TestAmazonCategories"/>
  <testcase name="getClothingShoes" time="5.267" classname="testHomePage.TestAmazonCategories"/>
  <testcase name="getSoftware" time="5.835" classname="testHomePage.TestAmazonCategories"/>
  <testcase name="getElectronics" time="8.111" classname="testHomePage.TestAmazonCategories"/>
  <testcase name="getCredit" time="6.739" classname="testHomePage.TestAmazonCategories"/>
  <testcase name="getBabyFashion" time="8.970" classname="testHomePage.TestAmazonCategories"/>
  <testcase name="getLuggageAndTravel" time="6.050" classname="testHomePage.TestAmazonCategories"/>
  <testcase name="getitemsofWomen" time="5.962" classname="testHomePage.TestAmazonCategories"/>
  <testcase name="getToolsHomeImprovements" time="5.292" classname="testHomePage.TestAmazonCategories"/>
  <testcase name="getPrimePantry" time="5.095" classname="testHomePage.TestAmazonCategories"/>
  <testcase name="getcategorieBaby" time="6.026" classname="testHomePage.TestAmazonCategories"/>
  <testcase name="getComputers" time="8.212" classname="testHomePage.TestAmazonCategories"/>
  <testcase name="getLuxuryBeauty" time="5.133" classname="testHomePage.TestAmazonCategories"/>
  <testcase name="getSportsAndOutdoors" time="5.985" classname="testHomePage.TestAmazonCategories"/>
  <testcase name="getWarehouseDeals" time="5.531" classname="testHomePage.TestAmazonCategories"/>
  <testcase name="getPrimeVideo" time="5.906" classname="testHomePage.TestAmazonCategories"/>
  <testcase name="getitemsofGirls" time="5.990" classname="testHomePage.TestAmazonCategories"/>
  <testcase name="getitemsofMen" time="3.204" classname="testHomePage.TestAmazonCategories"/>
  <testcase name="getHouseholdandCare" time="5.984" classname="testHomePage.TestAmazonCategories"/>
</testsuite> <!-- testHomePage.TestAmazonCategories -->
