<?xml version="1.0" encoding="UTF-8"?>
<!-- Generated by org.testng.reporters.JUnitReportReporter -->
<testsuite skipped="0" hostname="MacBook-Pro.fios-router.home" name="TestHomePage.TestAmazonMain" tests="18" failures="0" timestamp="26 Mar 2019 19:14:27 GMT" time="100.562" errors="0">
  <testcase name="getDeliverto" time="3.941" classname="TestHomePage.TestAmazonMain"/>
  <testcase name="getcategorieBaby" time="6.730" classname="TestHomePage.TestAmazonMain"/>
  <testcase name="getshowAlexaSkills" time="3.852" classname="TestHomePage.TestAmazonMain"/>
  <testcase name="getSearchbar" time="3.718" classname="TestHomePage.TestAmazonMain"/>
  <testcase name="getamazonFresh" time="6.638" classname="TestHomePage.TestAmazonMain"/>
  <testcase name="getcategoryGames" time="5.183" classname="TestHomePage.TestAmazonMain"/>
  <testcase name="getBooks" time="6.659" classname="TestHomePage.TestAmazonMain"/>
  <testcase name="getcategoryArtCrafts" time="7.053" classname="TestHomePage.TestAmazonMain"/>
  <testcase name="getselectgridSelectPrime" time="4.299" classname="TestHomePage.TestAmazonMain"/>
  <testcase name="getClicktryPrime" time="4.896" classname="TestHomePage.TestAmazonMain"/>
  <testcase name="getArtsAutomotive" time="6.643" classname="TestHomePage.TestAmazonMain"/>
  <testcase name="getSearchitems" time="4.162" classname="TestHomePage.TestAmazonMain"/>
  <testcase name="getcategoryAppliances" time="5.997" classname="TestHomePage.TestAmazonMain"/>
  <testcase name="getBeautyPersonal" time="7.018" classname="TestHomePage.TestAmazonMain"/>
  <testcase name="getSearchitem" time="5.003" classname="TestHomePage.TestAmazonMain"/>
  <testcase name="getcategoryAlexa" time="7.513" classname="TestHomePage.TestAmazonMain"/>
  <testcase name="getCD" time="5.543" classname="TestHomePage.TestAmazonMain"/>
  <testcase name="getAutomotiveParts" time="5.714" classname="TestHomePage.TestAmazonMain"/>
</testsuite> <!-- TestHomePage.TestAmazonMain -->
