<?xml version="1.0" encoding="UTF-8"?>
<testsuite xmlns:xsi="http://www.w3.org/2001/XMLSchema-instance" xsi:noNamespaceSchemaLocation="https://maven.apache.org/surefire/maven-surefire-plugin/xsd/surefire-test-report-3.0.xsd" version="3.0" name="TestSuite" time="0.741" tests="127" errors="0" skipped="126" failures="1">
  <properties>
    <property name="gopherProxySet" value="false"/>
    <property name="awt.toolkit" value="sun.lwawt.macosx.LWCToolkit"/>
    <property name="file.encoding.pkg" value="sun.io"/>
    <property name="java.specification.version" value="1.8"/>
    <property name="sun.cpu.isalist" value=""/>
    <property name="sun.jnu.encoding" value="UTF-8"/>
    <property name="java.class.path" value="/Users/preethikokila/ComWebAutomationGroup7/NYPresbyterian/target/test-classes:/Users/preethikokila/ComWebAutomationGroup7/NYPresbyterian/target/classes:/Users/preethikokila/.m2/repository/Com/WebAutomation/Group7/Generic/1.0-SNAPSHOT/Generic-1.0-SNAPSHOT.jar:/Users/preethikokila/.m2/repository/org/testng/testng/6.14.3/testng-6.14.3.jar:/Users/preethikokila/.m2/repository/com/beust/jcommander/1.72/jcommander-1.72.jar:/Users/preethikokila/.m2/repository/org/apache-extras/beanshell/bsh/2.0b6/bsh-2.0b6.jar:/Users/preethikokila/.m2/repository/org/seleniumhq/selenium/selenium-server/3.141.59/selenium-server-3.141.59.jar:/Users/preethikokila/.m2/repository/org/seleniumhq/selenium/selenium-api/3.141.59/selenium-api-3.141.59.jar:/Users/preethikokila/.m2/repository/org/seleniumhq/selenium/selenium-chrome-driver/3.141.59/selenium-chrome-driver-3.141.59.jar:/Users/preethikokila/.m2/repository/org/seleniumhq/selenium/selenium-edge-driver/3.141.59/selenium-edge-driver-3.141.59.jar:/Users/preethikokila/.m2/repository/org/seleniumhq/selenium/selenium-firefox-driver/3.141.59/selenium-firefox-driver-3.141.59.jar:/Users/preethikokila/.m2/repository/org/seleniumhq/selenium/selenium-ie-driver/3.141.59/selenium-ie-driver-3.141.59.jar:/Users/preethikokila/.m2/repository/org/seleniumhq/selenium/selenium-opera-driver/3.141.59/selenium-opera-driver-3.141.59.jar:/Users/preethikokila/.m2/repository/org/seleniumhq/selenium/selenium-remote-driver/3.141.59/selenium-remote-driver-3.141.59.jar:/Users/preethikokila/.m2/repository/org/seleniumhq/selenium/selenium-safari-driver/3.141.59/selenium-safari-driver-3.141.59.jar:/Users/preethikokila/.m2/repository/org/seleniumhq/selenium/selenium-support/3.141.59/selenium-support-3.141.59.jar:/Users/preethikokila/.m2/repository/net/bytebuddy/byte-buddy/1.8.15/byte-buddy-1.8.15.jar:/Users/preethikokila/.m2/repository/org/apache/commons/commons-exec/1.3/commons-exec-1.3.jar:/Users/preethikokila/.m2/repository/com/google/guava/guava/25.0-jre/guava-25.0-jre.jar:/Users/preethikokila/.m2/repository/com/google/code/findbugs/jsr305/1.3.9/jsr305-1.3.9.jar:/Users/preethikokila/.m2/repository/org/checkerframework/checker-compat-qual/2.0.0/checker-compat-qual-2.0.0.jar:/Users/preethikokila/.m2/repository/com/google/errorprone/error_prone_annotations/2.1.3/error_prone_annotations-2.1.3.jar:/Users/preethikokila/.m2/repository/com/google/j2objc/j2objc-annotations/1.1/j2objc-annotations-1.1.jar:/Users/preethikokila/.m2/repository/org/codehaus/mojo/animal-sniffer-annotations/1.14/animal-sniffer-annotations-1.14.jar:/Users/preethikokila/.m2/repository/net/jcip/jcip-annotations/1.0/jcip-annotations-1.0.jar:/Users/preethikokila/.m2/repository/org/seleniumhq/selenium/jetty-repacked/9.4.12.v20180830/jetty-repacked-9.4.12.v20180830.jar:/Users/preethikokila/.m2/repository/com/squareup/okhttp3/okhttp/3.11.0/okhttp-3.11.0.jar:/Users/preethikokila/.m2/repository/com/squareup/okio/okio/1.14.0/okio-1.14.0.jar:/Users/preethikokila/.m2/repository/javax/servlet/javax.servlet-api/3.1.0/javax.servlet-api-3.1.0.jar:/Users/preethikokila/.m2/repository/org/yaml/snakeyaml/1.19/snakeyaml-1.19.jar:/Users/preethikokila/.m2/repository/org/seleniumhq/selenium/selenium-java/3.141.59/selenium-java-3.141.59.jar:/Users/preethikokila/.m2/repository/mysql/mysql-connector-java/8.0.15/mysql-connector-java-8.0.15.jar:/Users/preethikokila/.m2/repository/com/google/protobuf/protobuf-java/3.6.1/protobuf-java-3.6.1.jar:/Users/preethikokila/.m2/repository/org/mongodb/mongodb-driver/3.4.0/mongodb-driver-3.4.0.jar:/Users/preethikokila/.m2/repository/org/mongodb/mongodb-driver-core/3.4.0/mongodb-driver-core-3.4.0.jar:/Users/preethikokila/.m2/repository/org/mongodb/bson/3.4.0/bson-3.4.0.jar:/Users/preethikokila/.m2/repository/org/apache/poi/poi/3.17/poi-3.17.jar:/Users/preethikokila/.m2/repository/commons-codec/commons-codec/1.10/commons-codec-1.10.jar:/Users/preethikokila/.m2/repository/org/apache/commons/commons-collections4/4.1/commons-collections4-4.1.jar:/Users/preethikokila/.m2/repository/com/aventstack/extentreports/3.0.7/extentreports-3.0.7.jar:/Users/preethikokila/.m2/repository/org/freemarker/freemarker/2.3.23/freemarker-2.3.23.jar:/Users/preethikokila/.m2/repository/org/apache/httpcomponents/httpclient/4.5.2/httpclient-4.5.2.jar:/Users/preethikokila/.m2/repository/org/apache/httpcomponents/httpcore/4.4.4/httpcore-4.4.4.jar:/Users/preethikokila/.m2/repository/commons-logging/commons-logging/1.2/commons-logging-1.2.jar:/Users/preethikokila/.m2/repository/org/apache/httpcomponents/httpmime/4.5.2/httpmime-4.5.2.jar:/Users/preethikokila/.m2/repository/org/jsoup/jsoup/1.9.2/jsoup-1.9.2.jar:/Users/preethikokila/.m2/repository/com/google/code/gson/gson/2.8.0/gson-2.8.0.jar:/Users/preethikokila/.m2/repository/com/relevantcodes/extentreports/2.41.1/extentreports-2.41.1.jar:/Users/preethikokila/.m2/repository/org/xerial/sqlite-jdbc/3.8.11.1/sqlite-jdbc-3.8.11.1.jar:/Users/preethikokila/.m2/repository/org/apache/commons/commons-lang3/3.0/commons-lang3-3.0.jar:/Users/preethikokila/.m2/repository/commons-io/commons-io/2.5/commons-io-2.5.jar:"/>
    <property name="java.vm.vendor" value="Oracle Corporation"/>
    <property name="sun.arch.data.model" value="64"/>
    <property name="java.vendor.url" value="http://java.oracle.com/"/>
    <property name="user.timezone" value=""/>
    <property name="java.vm.specification.version" value="1.8"/>
    <property name="os.name" value="Mac OS X"/>
    <property name="user.country" value="US"/>
    <property name="sun.java.launcher" value="SUN_STANDARD"/>
    <property name="sun.boot.library.path" value="/Library/Java/JavaVirtualMachines/jdk1.8.0_201.jdk/Contents/Home/jre/lib"/>
    <property name="sun.java.command" value="/Users/preethikokila/ComWebAutomationGroup7/NYPresbyterian/target/surefire/surefirebooter8481618380003740079.jar /Users/preethikokila/ComWebAutomationGroup7/NYPresbyterian/target/surefire 2019-03-29T23-37-25_151-jvmRun1 surefire3684541888037777585tmp surefire_03835955835330701812tmp"/>
    <property name="http.nonProxyHosts" value="local|*.local|169.254/16|*.169.254/16"/>
    <property name="surefire.test.class.path" value="/Users/preethikokila/ComWebAutomationGroup7/NYPresbyterian/target/test-classes:/Users/preethikokila/ComWebAutomationGroup7/NYPresbyterian/target/classes:/Users/preethikokila/.m2/repository/Com/WebAutomation/Group7/Generic/1.0-SNAPSHOT/Generic-1.0-SNAPSHOT.jar:/Users/preethikokila/.m2/repository/org/testng/testng/6.14.3/testng-6.14.3.jar:/Users/preethikokila/.m2/repository/com/beust/jcommander/1.72/jcommander-1.72.jar:/Users/preethikokila/.m2/repository/org/apache-extras/beanshell/bsh/2.0b6/bsh-2.0b6.jar:/Users/preethikokila/.m2/repository/org/seleniumhq/selenium/selenium-server/3.141.59/selenium-server-3.141.59.jar:/Users/preethikokila/.m2/repository/org/seleniumhq/selenium/selenium-api/3.141.59/selenium-api-3.141.59.jar:/Users/preethikokila/.m2/repository/org/seleniumhq/selenium/selenium-chrome-driver/3.141.59/selenium-chrome-driver-3.141.59.jar:/Users/preethikokila/.m2/repository/org/seleniumhq/selenium/selenium-edge-driver/3.141.59/selenium-edge-driver-3.141.59.jar:/Users/preethikokila/.m2/repository/org/seleniumhq/selenium/selenium-firefox-driver/3.141.59/selenium-firefox-driver-3.141.59.jar:/Users/preethikokila/.m2/repository/org/seleniumhq/selenium/selenium-ie-driver/3.141.59/selenium-ie-driver-3.141.59.jar:/Users/preethikokila/.m2/repository/org/seleniumhq/selenium/selenium-opera-driver/3.141.59/selenium-opera-driver-3.141.59.jar:/Users/preethikokila/.m2/repository/org/seleniumhq/selenium/selenium-remote-driver/3.141.59/selenium-remote-driver-3.141.59.jar:/Users/preethikokila/.m2/repository/org/seleniumhq/selenium/selenium-safari-driver/3.141.59/selenium-safari-driver-3.141.59.jar:/Users/preethikokila/.m2/repository/org/seleniumhq/selenium/selenium-support/3.141.59/selenium-support-3.141.59.jar:/Users/preethikokila/.m2/repository/net/bytebuddy/byte-buddy/1.8.15/byte-buddy-1.8.15.jar:/Users/preethikokila/.m2/repository/org/apache/commons/commons-exec/1.3/commons-exec-1.3.jar:/Users/preethikokila/.m2/repository/com/google/guava/guava/25.0-jre/guava-25.0-jre.jar:/Users/preethikokila/.m2/repository/com/google/code/findbugs/jsr305/1.3.9/jsr305-1.3.9.jar:/Users/preethikokila/.m2/repository/org/checkerframework/checker-compat-qual/2.0.0/checker-compat-qual-2.0.0.jar:/Users/preethikokila/.m2/repository/com/google/errorprone/error_prone_annotations/2.1.3/error_prone_annotations-2.1.3.jar:/Users/preethikokila/.m2/repository/com/google/j2objc/j2objc-annotations/1.1/j2objc-annotations-1.1.jar:/Users/preethikokila/.m2/repository/org/codehaus/mojo/animal-sniffer-annotations/1.14/animal-sniffer-annotations-1.14.jar:/Users/preethikokila/.m2/repository/net/jcip/jcip-annotations/1.0/jcip-annotations-1.0.jar:/Users/preethikokila/.m2/repository/org/seleniumhq/selenium/jetty-repacked/9.4.12.v20180830/jetty-repacked-9.4.12.v20180830.jar:/Users/preethikokila/.m2/repository/com/squareup/okhttp3/okhttp/3.11.0/okhttp-3.11.0.jar:/Users/preethikokila/.m2/repository/com/squareup/okio/okio/1.14.0/okio-1.14.0.jar:/Users/preethikokila/.m2/repository/javax/servlet/javax.servlet-api/3.1.0/javax.servlet-api-3.1.0.jar:/Users/preethikokila/.m2/repository/org/yaml/snakeyaml/1.19/snakeyaml-1.19.jar:/Users/preethikokila/.m2/repository/org/seleniumhq/selenium/selenium-java/3.141.59/selenium-java-3.141.59.jar:/Users/preethikokila/.m2/repository/mysql/mysql-connector-java/8.0.15/mysql-connector-java-8.0.15.jar:/Users/preethikokila/.m2/repository/com/google/protobuf/protobuf-java/3.6.1/protobuf-java-3.6.1.jar:/Users/preethikokila/.m2/repository/org/mongodb/mongodb-driver/3.4.0/mongodb-driver-3.4.0.jar:/Users/preethikokila/.m2/repository/org/mongodb/mongodb-driver-core/3.4.0/mongodb-driver-core-3.4.0.jar:/Users/preethikokila/.m2/repository/org/mongodb/bson/3.4.0/bson-3.4.0.jar:/Users/preethikokila/.m2/repository/org/apache/poi/poi/3.17/poi-3.17.jar:/Users/preethikokila/.m2/repository/commons-codec/commons-codec/1.10/commons-codec-1.10.jar:/Users/preethikokila/.m2/repository/org/apache/commons/commons-collections4/4.1/commons-collections4-4.1.jar:/Users/preethikokila/.m2/repository/com/aventstack/extentreports/3.0.7/extentreports-3.0.7.jar:/Users/preethikokila/.m2/repository/org/freemarker/freemarker/2.3.23/freemarker-2.3.23.jar:/Users/preethikokila/.m2/repository/org/apache/httpcomponents/httpclient/4.5.2/httpclient-4.5.2.jar:/Users/preethikokila/.m2/repository/org/apache/httpcomponents/httpcore/4.4.4/httpcore-4.4.4.jar:/Users/preethikokila/.m2/repository/commons-logging/commons-logging/1.2/commons-logging-1.2.jar:/Users/preethikokila/.m2/repository/org/apache/httpcomponents/httpmime/4.5.2/httpmime-4.5.2.jar:/Users/preethikokila/.m2/repository/org/jsoup/jsoup/1.9.2/jsoup-1.9.2.jar:/Users/preethikokila/.m2/repository/com/google/code/gson/gson/2.8.0/gson-2.8.0.jar:/Users/preethikokila/.m2/repository/com/relevantcodes/extentreports/2.41.1/extentreports-2.41.1.jar:/Users/preethikokila/.m2/repository/org/xerial/sqlite-jdbc/3.8.11.1/sqlite-jdbc-3.8.11.1.jar:/Users/preethikokila/.m2/repository/org/apache/commons/commons-lang3/3.0/commons-lang3-3.0.jar:/Users/preethikokila/.m2/repository/commons-io/commons-io/2.5/commons-io-2.5.jar:"/>
    <property name="sun.cpu.endian" value="little"/>
    <property name="user.home" value="/Users/preethikokila"/>
    <property name="user.language" value="en"/>
    <property name="java.specification.vendor" value="Oracle Corporation"/>
    <property name="java.home" value="/Library/Java/JavaVirtualMachines/jdk1.8.0_201.jdk/Contents/Home/jre"/>
    <property name="basedir" value="/Users/preethikokila/ComWebAutomationGroup7/NYPresbyterian"/>
    <property name="file.separator" value="/"/>
    <property name="line.separator" value="&#10;"/>
    <property name="java.vm.specification.vendor" value="Oracle Corporation"/>
    <property name="java.specification.name" value="Java Platform API Specification"/>
    <property name="java.awt.graphicsenv" value="sun.awt.CGraphicsEnvironment"/>
    <property name="surefire.real.class.path" value="/Users/preethikokila/ComWebAutomationGroup7/NYPresbyterian/target/surefire/surefirebooter8481618380003740079.jar"/>
    <property name="sun.boot.class.path" value="/Library/Java/JavaVirtualMachines/jdk1.8.0_201.jdk/Contents/Home/jre/lib/resources.jar:/Library/Java/JavaVirtualMachines/jdk1.8.0_201.jdk/Contents/Home/jre/lib/rt.jar:/Library/Java/JavaVirtualMachines/jdk1.8.0_201.jdk/Contents/Home/jre/lib/sunrsasign.jar:/Library/Java/JavaVirtualMachines/jdk1.8.0_201.jdk/Contents/Home/jre/lib/jsse.jar:/Library/Java/JavaVirtualMachines/jdk1.8.0_201.jdk/Contents/Home/jre/lib/jce.jar:/Library/Java/JavaVirtualMachines/jdk1.8.0_201.jdk/Contents/Home/jre/lib/charsets.jar:/Library/Java/JavaVirtualMachines/jdk1.8.0_201.jdk/Contents/Home/jre/lib/jfr.jar:/Library/Java/JavaVirtualMachines/jdk1.8.0_201.jdk/Contents/Home/jre/classes"/>
    <property name="sun.management.compiler" value="HotSpot 64-Bit Tiered Compilers"/>
    <property name="ftp.nonProxyHosts" value="local|*.local|169.254/16|*.169.254/16"/>
    <property name="java.runtime.version" value="1.8.0_201-b09"/>
    <property name="user.name" value="preethikokila"/>
    <property name="path.separator" value=":"/>
    <property name="os.version" value="10.14.3"/>
    <property name="java.endorsed.dirs" value="/Library/Java/JavaVirtualMachines/jdk1.8.0_201.jdk/Contents/Home/jre/lib/endorsed"/>
    <property name="java.runtime.name" value="Java(TM) SE Runtime Environment"/>
    <property name="file.encoding" value="UTF-8"/>
    <property name="java.vm.name" value="Java HotSpot(TM) 64-Bit Server VM"/>
    <property name="localRepository" value="/Users/preethikokila/.m2/repository"/>
    <property name="java.vendor.url.bug" value="http://bugreport.sun.com/bugreport/"/>
    <property name="java.io.tmpdir" value="/var/folders/cc/vz_j0rfd6nn9m_hnn5724d9r0000gn/T/"/>
    <property name="idea.version" value="2018.3.5"/>
    <property name="java.version" value="1.8.0_201"/>
    <property name="user.dir" value="/Users/preethikokila/ComWebAutomationGroup7/NYPresbyterian"/>
    <property name="os.arch" value="x86_64"/>
    <property name="java.vm.specification.name" value="Java Virtual Machine Specification"/>
    <property name="java.awt.printerjob" value="sun.lwawt.macosx.CPrinterJob"/>
    <property name="sun.os.patch.level" value="unknown"/>
    <property name="java.library.path" value="/Users/preethikokila/Library/Java/Extensions:/Library/Java/Extensions:/Network/Library/Java/Extensions:/System/Library/Java/Extensions:/usr/lib/java:."/>
    <property name="java.vm.info" value="mixed mode"/>
    <property name="java.vendor" value="Oracle Corporation"/>
    <property name="java.vm.version" value="25.201-b09"/>
    <property name="java.ext.dirs" value="/Users/preethikokila/Library/Java/Extensions:/Library/Java/JavaVirtualMachines/jdk1.8.0_201.jdk/Contents/Home/jre/lib/ext:/Library/Java/Extensions:/Network/Library/Java/Extensions:/System/Library/Java/Extensions:/usr/lib/java"/>
    <property name="sun.io.unicode.encoding" value="UnicodeBig"/>
    <property name="java.class.version" value="52.0"/>
    <property name="socksNonProxyHosts" value="local|*.local|169.254/16|*.169.254/16"/>
  </properties>
  <testcase name="setUp" classname="testNYPpages.testMainPage" time="0.531">
    <failure message="The path to the driver executable must be set by the webdriver.chrome.driver system property; for more information, see https://github.com/SeleniumHQ/selenium/wiki/ChromeDriver. The latest version can be downloaded from http://chromedriver.storage.googleapis.com/index.html" type="java.lang.IllegalStateException">java.lang.IllegalStateException: The path to the driver executable must be set by the webdriver.chrome.driver system property; for more information, see https://github.com/SeleniumHQ/selenium/wiki/ChromeDriver. The latest version can be downloaded from http://chromedriver.storage.googleapis.com/index.html
</failure>
    <system-out><![CDATA[Extent Report Directory/Users/preethikokila/ComWebAutomationGroup7/NYPresbyterian/target/surefire-reports/html
]]></system-out>
    <system-err><![CDATA[Mar 29, 2019 11:37:26 PM com.relevantcodes.extentreports.ExtentReports loadConfig
WARNING: Unable to perform report configuration. The file /Users/preethikokila/ComWebAutomationGroup7/NYPresbyterian/report-config.xml was not found.
]]></system-err>
  </testcase>
  <testcase name="setUp" classname="testNYPpages.testMainPage" time="0">
    <skipped/>
  </testcase>
  <testcase name="setUp" classname="testNYPpages.testMainPage" time="0">
    <skipped/>
  </testcase>
  <testcase name="setUp" classname="testNYPpages.testMainPage" time="0">
    <skipped/>
  </testcase>
  <testcase name="setUp" classname="testNYPpages.testMainPage" time="0">
    <skipped/>
  </testcase>
  <testcase name="setUp" classname="testNYPpages.testMainPage" time="0">
    <skipped/>
  </testcase>
  <testcase name="setUp" classname="testNYPpages.testMainPage" time="0">
    <skipped/>
  </testcase>
  <testcase name="setUp" classname="testNYPpages.testMainPage" time="0">
    <skipped/>
  </testcase>
  <testcase name="setUp" classname="testNYPpages.testMainPage" time="0">
    <skipped/>
  </testcase>
  <testcase name="setUp" classname="testNYPpages.testMainPage" time="0">
    <skipped/>
  </testcase>
  <testcase name="setUp" classname="testNYPpages.testMainPage" time="0">
    <skipped/>
  </testcase>
  <testcase name="setUp" classname="testNYPpages.testMainPage" time="0">
    <skipped/>
  </testcase>
  <testcase name="setUp" classname="testNYPpages.testMainPage" time="0">
    <skipped/>
  </testcase>
  <testcase name="setUp" classname="testNYPpages.testMainPage" time="0">
    <skipped/>
  </testcase>
  <testcase name="setUp" classname="testNYPpages.testMainPage" time="0">
    <skipped/>
  </testcase>
  <testcase name="setUp" classname="testNYPpages.testMainPage" time="0">
    <skipped/>
  </testcase>
  <testcase name="setUp" classname="testNYPpages.testMainPage" time="0">
    <skipped/>
  </testcase>
  <testcase name="setUp" classname="testNYPpages.testMainPage" time="0">
    <skipped/>
  </testcase>
  <testcase name="setUp" classname="testNYPpages.testMainPage" time="0">
    <skipped/>
  </testcase>
  <testcase name="setUp" classname="testNYPpages.testMainPage" time="0">
    <skipped/>
  </testcase>
  <testcase name="setUp" classname="testNYPpages.testMainPage" time="0">
    <skipped/>
  </testcase>
  <testcase name="startExtent" classname="testNYPpages.testMainPage" time="0">
    <skipped/>
  </testcase>
  <testcase name="startExtent" classname="testNYPpages.testMainPage" time="0">
    <skipped/>
  </testcase>
  <testcase name="startExtent" classname="testNYPpages.testMainPage" time="0">
    <skipped/>
  </testcase>
  <testcase name="startExtent" classname="testNYPpages.testMainPage" time="0">
    <skipped/>
  </testcase>
  <testcase name="startExtent" classname="testNYPpages.testMainPage" time="0">
    <skipped/>
  </testcase>
  <testcase name="startExtent" classname="testNYPpages.testMainPage" time="0">
    <skipped/>
  </testcase>
  <testcase name="startExtent" classname="testNYPpages.testMainPage" time="0">
    <skipped/>
  </testcase>
  <testcase name="startExtent" classname="testNYPpages.testMainPage" time="0">
    <skipped/>
  </testcase>
  <testcase name="startExtent" classname="testNYPpages.testMainPage" time="0">
    <skipped/>
  </testcase>
  <testcase name="startExtent" classname="testNYPpages.testMainPage" time="0">
    <skipped/>
  </testcase>
  <testcase name="startExtent" classname="testNYPpages.testMainPage" time="0">
    <skipped/>
  </testcase>
  <testcase name="startExtent" classname="testNYPpages.testMainPage" time="0">
    <skipped/>
  </testcase>
  <testcase name="startExtent" classname="testNYPpages.testMainPage" time="0">
    <skipped/>
  </testcase>
  <testcase name="startExtent" classname="testNYPpages.testMainPage" time="0">
    <skipped/>
  </testcase>
  <testcase name="startExtent" classname="testNYPpages.testMainPage" time="0">
    <skipped/>
  </testcase>
  <testcase name="startExtent" classname="testNYPpages.testMainPage" time="0">
    <skipped/>
  </testcase>
  <testcase name="startExtent" classname="testNYPpages.testMainPage" time="0">
    <skipped/>
  </testcase>
  <testcase name="startExtent" classname="testNYPpages.testMainPage" time="0">
    <skipped/>
  </testcase>
  <testcase name="startExtent" classname="testNYPpages.testMainPage" time="0">
    <skipped/>
  </testcase>
  <testcase name="startExtent" classname="testNYPpages.testMainPage" time="0">
    <skipped/>
  </testcase>
  <testcase name="startExtent" classname="testNYPpages.testMainPage" time="0">
    <skipped/>
  </testcase>
  <testcase name="initialize" classname="testNYPpages.testMainPage" time="0">
    <skipped/>
  </testcase>
  <testcase name="initialize" classname="testNYPpages.testMainPage" time="0">
    <skipped/>
  </testcase>
  <testcase name="initialize" classname="testNYPpages.testMainPage" time="0">
    <skipped/>
  </testcase>
  <testcase name="initialize" classname="testNYPpages.testMainPage" time="0">
    <skipped/>
  </testcase>
  <testcase name="initialize" classname="testNYPpages.testMainPage" time="0">
    <skipped/>
  </testcase>
  <testcase name="initialize" classname="testNYPpages.testMainPage" time="0">
    <skipped/>
  </testcase>
  <testcase name="initialize" classname="testNYPpages.testMainPage" time="0">
    <skipped/>
  </testcase>
  <testcase name="initialize" classname="testNYPpages.testMainPage" time="0">
    <skipped/>
  </testcase>
  <testcase name="initialize" classname="testNYPpages.testMainPage" time="0">
    <skipped/>
  </testcase>
  <testcase name="initialize" classname="testNYPpages.testMainPage" time="0">
    <skipped/>
  </testcase>
  <testcase name="initialize" classname="testNYPpages.testMainPage" time="0">
    <skipped/>
  </testcase>
  <testcase name="initialize" classname="testNYPpages.testMainPage" time="0">
    <skipped/>
  </testcase>
  <testcase name="initialize" classname="testNYPpages.testMainPage" time="0">
    <skipped/>
  </testcase>
  <testcase name="initialize" classname="testNYPpages.testMainPage" time="0">
    <skipped/>
  </testcase>
  <testcase name="initialize" classname="testNYPpages.testMainPage" time="0">
    <skipped/>
  </testcase>
  <testcase name="initialize" classname="testNYPpages.testMainPage" time="0">
    <skipped/>
  </testcase>
  <testcase name="initialize" classname="testNYPpages.testMainPage" time="0">
    <skipped/>
  </testcase>
  <testcase name="initialize" classname="testNYPpages.testMainPage" time="0">
    <skipped/>
  </testcase>
  <testcase name="initialize" classname="testNYPpages.testMainPage" time="0">
    <skipped/>
  </testcase>
  <testcase name="initialize" classname="testNYPpages.testMainPage" time="0">
    <skipped/>
  </testcase>
  <testcase name="initialize" classname="testNYPpages.testMainPage" time="0">
    <skipped/>
  </testcase>
  <testcase name="AboutUs" classname="testNYPpages.testMainPage" time="0">
    <skipped message="The path to the driver executable must be set by the webdriver.chrome.driver system property; for more information, see https://github.com/SeleniumHQ/selenium/wiki/ChromeDriver. The latest version can be downloaded from http://chromedriver.storage.googleapis.com/index.html"/>
  </testcase>
  <testcase name="afterEachTestMethod" classname="testNYPpages.testMainPage" time="0">
    <skipped/>
  </testcase>
  <testcase name="afterEachTestMethod" classname="testNYPpages.testMainPage" time="0">
    <skipped/>
  </testcase>
  <testcase name="afterEachTestMethod" classname="testNYPpages.testMainPage" time="0">
    <skipped/>
  </testcase>
  <testcase name="afterEachTestMethod" classname="testNYPpages.testMainPage" time="0">
    <skipped/>
  </testcase>
  <testcase name="afterEachTestMethod" classname="testNYPpages.testMainPage" time="0">
    <skipped/>
  </testcase>
  <testcase name="afterEachTestMethod" classname="testNYPpages.testMainPage" time="0">
    <skipped/>
  </testcase>
  <testcase name="afterEachTestMethod" classname="testNYPpages.testMainPage" time="0">
    <skipped/>
  </testcase>
  <testcase name="afterEachTestMethod" classname="testNYPpages.testMainPage" time="0">
    <skipped/>
  </testcase>
  <testcase name="afterEachTestMethod" classname="testNYPpages.testMainPage" time="0">
    <skipped/>
  </testcase>
  <testcase name="afterEachTestMethod" classname="testNYPpages.testMainPage" time="0">
    <skipped/>
  </testcase>
  <testcase name="afterEachTestMethod" classname="testNYPpages.testMainPage" time="0">
    <skipped/>
  </testcase>
  <testcase name="afterEachTestMethod" classname="testNYPpages.testMainPage" time="0">
    <skipped/>
  </testcase>
  <testcase name="afterEachTestMethod" classname="testNYPpages.testMainPage" time="0">
    <skipped/>
  </testcase>
  <testcase name="afterEachTestMethod" classname="testNYPpages.testMainPage" time="0">
    <skipped/>
  </testcase>
  <testcase name="afterEachTestMethod" classname="testNYPpages.testMainPage" time="0">
    <skipped/>
  </testcase>
  <testcase name="afterEachTestMethod" classname="testNYPpages.testMainPage" time="0">
    <skipped/>
  </testcase>
  <testcase name="afterEachTestMethod" classname="testNYPpages.testMainPage" time="0">
    <skipped/>
  </testcase>
  <testcase name="afterEachTestMethod" classname="testNYPpages.testMainPage" time="0">
    <skipped/>
  </testcase>
  <testcase name="afterEachTestMethod" classname="testNYPpages.testMainPage" time="0">
    <skipped/>
  </testcase>
  <testcase name="afterEachTestMethod" classname="testNYPpages.testMainPage" time="0">
    <skipped/>
  </testcase>
  <testcase name="afterEachTestMethod" classname="testNYPpages.testMainPage" time="0">
    <skipped/>
  </testcase>
  <testcase name="cleanUp" classname="testNYPpages.testMainPage" time="0">
    <skipped/>
  </testcase>
  <testcase name="cleanUp" classname="testNYPpages.testMainPage" time="0">
    <skipped/>
  </testcase>
  <testcase name="cleanUp" classname="testNYPpages.testMainPage" time="0">
    <skipped/>
  </testcase>
  <testcase name="cleanUp" classname="testNYPpages.testMainPage" time="0">
    <skipped/>
  </testcase>
  <testcase name="cleanUp" classname="testNYPpages.testMainPage" time="0">
    <skipped/>
  </testcase>
  <testcase name="cleanUp" classname="testNYPpages.testMainPage" time="0">
    <skipped/>
  </testcase>
  <testcase name="cleanUp" classname="testNYPpages.testMainPage" time="0">
    <skipped/>
  </testcase>
  <testcase name="cleanUp" classname="testNYPpages.testMainPage" time="0">
    <skipped/>
  </testcase>
  <testcase name="cleanUp" classname="testNYPpages.testMainPage" time="0">
    <skipped/>
  </testcase>
  <testcase name="cleanUp" classname="testNYPpages.testMainPage" time="0">
    <skipped/>
  </testcase>
  <testcase name="cleanUp" classname="testNYPpages.testMainPage" time="0">
    <skipped/>
  </testcase>
  <testcase name="cleanUp" classname="testNYPpages.testMainPage" time="0">
    <skipped/>
  </testcase>
  <testcase name="cleanUp" classname="testNYPpages.testMainPage" time="0">
    <skipped/>
  </testcase>
  <testcase name="cleanUp" classname="testNYPpages.testMainPage" time="0">
    <skipped/>
  </testcase>
  <testcase name="cleanUp" classname="testNYPpages.testMainPage" time="0">
    <skipped/>
  </testcase>
  <testcase name="cleanUp" classname="testNYPpages.testMainPage" time="0">
    <skipped/>
  </testcase>
  <testcase name="cleanUp" classname="testNYPpages.testMainPage" time="0">
    <skipped/>
  </testcase>
  <testcase name="cleanUp" classname="testNYPpages.testMainPage" time="0">
    <skipped/>
  </testcase>
  <testcase name="cleanUp" classname="testNYPpages.testMainPage" time="0">
    <skipped/>
  </testcase>
  <testcase name="cleanUp" classname="testNYPpages.testMainPage" time="0">
    <skipped/>
  </testcase>
  <testcase name="cleanUp" classname="testNYPpages.testMainPage" time="0">
    <skipped/>
  </testcase>
  <testcase name="Careers" classname="testNYPpages.testMainPage" time="0">
    <skipped message="The path to the driver executable must be set by the webdriver.chrome.driver system property; for more information, see https://github.com/SeleniumHQ/selenium/wiki/ChromeDriver. The latest version can be downloaded from http://chromedriver.storage.googleapis.com/index.html"/>
  </testcase>
  <testcase name="ClinicalTrials" classname="testNYPpages.testMainPage" time="0">
    <skipped message="The path to the driver executable must be set by the webdriver.chrome.driver system property; for more information, see https://github.com/SeleniumHQ/selenium/wiki/ChromeDriver. The latest version can be downloaded from http://chromedriver.storage.googleapis.com/index.html"/>
  </testcase>
  <testcase name="ContactUs" classname="testNYPpages.testMainPage" time="0">
    <skipped message="The path to the driver executable must be set by the webdriver.chrome.driver system property; for more information, see https://github.com/SeleniumHQ/selenium/wiki/ChromeDriver. The latest version can be downloaded from http://chromedriver.storage.googleapis.com/index.html"/>
  </testcase>
  <testcase name="Employees" classname="testNYPpages.testMainPage" time="0">
    <skipped message="The path to the driver executable must be set by the webdriver.chrome.driver system property; for more information, see https://github.com/SeleniumHQ/selenium/wiki/ChromeDriver. The latest version can be downloaded from http://chromedriver.storage.googleapis.com/index.html"/>
  </testcase>
  <testcase name="FacebookIcon" classname="testNYPpages.testMainPage" time="0">
    <skipped message="The path to the driver executable must be set by the webdriver.chrome.driver system property; for more information, see https://github.com/SeleniumHQ/selenium/wiki/ChromeDriver. The latest version can be downloaded from http://chromedriver.storage.googleapis.com/index.html"/>
  </testcase>
  <testcase name="ForProfessionals" classname="testNYPpages.testMainPage" time="0">
    <skipped message="The path to the driver executable must be set by the webdriver.chrome.driver system property; for more information, see https://github.com/SeleniumHQ/selenium/wiki/ChromeDriver. The latest version can be downloaded from http://chromedriver.storage.googleapis.com/index.html"/>
  </testcase>
  <testcase name="ForVendors" classname="testNYPpages.testMainPage" time="0">
    <skipped message="The path to the driver executable must be set by the webdriver.chrome.driver system property; for more information, see https://github.com/SeleniumHQ/selenium/wiki/ChromeDriver. The latest version can be downloaded from http://chromedriver.storage.googleapis.com/index.html"/>
  </testcase>
  <testcase name="GiveToNYP" classname="testNYPpages.testMainPage" time="0">
    <skipped message="The path to the driver executable must be set by the webdriver.chrome.driver system property; for more information, see https://github.com/SeleniumHQ/selenium/wiki/ChromeDriver. The latest version can be downloaded from http://chromedriver.storage.googleapis.com/index.html"/>
  </testcase>
  <testcase name="GlobalServices" classname="testNYPpages.testMainPage" time="0">
    <skipped message="The path to the driver executable must be set by the webdriver.chrome.driver system property; for more information, see https://github.com/SeleniumHQ/selenium/wiki/ChromeDriver. The latest version can be downloaded from http://chromedriver.storage.googleapis.com/index.html"/>
  </testcase>
  <testcase name="HealthLibrary" classname="testNYPpages.testMainPage" time="0">
    <skipped message="The path to the driver executable must be set by the webdriver.chrome.driver system property; for more information, see https://github.com/SeleniumHQ/selenium/wiki/ChromeDriver. The latest version can be downloaded from http://chromedriver.storage.googleapis.com/index.html"/>
  </testcase>
  <testcase name="InstagramIcon" classname="testNYPpages.testMainPage" time="0">
    <skipped message="The path to the driver executable must be set by the webdriver.chrome.driver system property; for more information, see https://github.com/SeleniumHQ/selenium/wiki/ChromeDriver. The latest version can be downloaded from http://chromedriver.storage.googleapis.com/index.html"/>
  </testcase>
  <testcase name="Locations" classname="testNYPpages.testMainPage" time="0">
    <skipped message="The path to the driver executable must be set by the webdriver.chrome.driver system property; for more information, see https://github.com/SeleniumHQ/selenium/wiki/ChromeDriver. The latest version can be downloaded from http://chromedriver.storage.googleapis.com/index.html"/>
  </testcase>
  <testcase name="NewsRoom" classname="testNYPpages.testMainPage" time="0">
    <skipped message="The path to the driver executable must be set by the webdriver.chrome.driver system property; for more information, see https://github.com/SeleniumHQ/selenium/wiki/ChromeDriver. The latest version can be downloaded from http://chromedriver.storage.googleapis.com/index.html"/>
  </testcase>
  <testcase name="PayMyBill" classname="testNYPpages.testMainPage" time="0">
    <skipped message="The path to the driver executable must be set by the webdriver.chrome.driver system property; for more information, see https://github.com/SeleniumHQ/selenium/wiki/ChromeDriver. The latest version can be downloaded from http://chromedriver.storage.googleapis.com/index.html"/>
  </testcase>
  <testcase name="TestFindADoctor" classname="testNYPpages.testMainPage" time="0">
    <skipped message="The path to the driver executable must be set by the webdriver.chrome.driver system property; for more information, see https://github.com/SeleniumHQ/selenium/wiki/ChromeDriver. The latest version can be downloaded from http://chromedriver.storage.googleapis.com/index.html"/>
  </testcase>
  <testcase name="TestLogo" classname="testNYPpages.testMainPage" time="0">
    <skipped message="The path to the driver executable must be set by the webdriver.chrome.driver system property; for more information, see https://github.com/SeleniumHQ/selenium/wiki/ChromeDriver. The latest version can be downloaded from http://chromedriver.storage.googleapis.com/index.html"/>
  </testcase>
  <testcase name="TestOurServices" classname="testNYPpages.testMainPage" time="0">
    <skipped message="The path to the driver executable must be set by the webdriver.chrome.driver system property; for more information, see https://github.com/SeleniumHQ/selenium/wiki/ChromeDriver. The latest version can be downloaded from http://chromedriver.storage.googleapis.com/index.html"/>
  </testcase>
  <testcase name="TwitterIcon" classname="testNYPpages.testMainPage" time="0">
    <skipped message="The path to the driver executable must be set by the webdriver.chrome.driver system property; for more information, see https://github.com/SeleniumHQ/selenium/wiki/ChromeDriver. The latest version can be downloaded from http://chromedriver.storage.googleapis.com/index.html"/>
  </testcase>
  <testcase name="UrgentCare" classname="testNYPpages.testMainPage" time="0">
    <skipped message="The path to the driver executable must be set by the webdriver.chrome.driver system property; for more information, see https://github.com/SeleniumHQ/selenium/wiki/ChromeDriver. The latest version can be downloaded from http://chromedriver.storage.googleapis.com/index.html"/>
  </testcase>
  <testcase name="Visitors" classname="testNYPpages.testMainPage" time="0">
    <skipped message="The path to the driver executable must be set by the webdriver.chrome.driver system property; for more information, see https://github.com/SeleniumHQ/selenium/wiki/ChromeDriver. The latest version can be downloaded from http://chromedriver.storage.googleapis.com/index.html"/>
  </testcase>
  <testcase name="generateReport" classname="testNYPpages.testMainPage" time="0">
    <skipped/>
  </testcase>
</testsuite>